<?xml version="1.0" encoding="UTF-8"?>
<testng-results skipped="0" failed="0" ignored="0" total="1" passed="1">
  <reporter-output>
  </reporter-output>
  <suite name="Surefire suite" duration-ms="4269" started-at="2020-02-23T09:31:39Z" finished-at="2020-02-23T09:31:43Z">
    <groups>
    </groups>
    <test name="Surefire test" duration-ms="4269" started-at="2020-02-23T09:31:39Z" finished-at="2020-02-23T09:31:43Z">
      <class name="com.npmjs.jsonserver.posts.testcases.PATCHTest">
        <test-method status="PASS" signature="configBT()[pri:0, instance:com.npmjs.jsonserver.posts.testcases.PATCHTest@5056dfcb]" name="configBT" is-config="true" duration-ms="535" started-at="2020-02-23T09:31:39Z" finished-at="2020-02-23T09:31:39Z">
          <reporter-output>
          </reporter-output>
        </test-method> <!-- configBT -->
        <test-method status="PASS" signature="editPostPartialBDDTest()[pri:0, instance:com.npmjs.jsonserver.posts.testcases.PATCHTest@5056dfcb]" name="editPostPartialBDDTest" duration-ms="3719" started-at="2020-02-23T09:31:39Z" finished-at="2020-02-23T09:31:43Z">
          <reporter-output>
          </reporter-output>
        </test-method> <!-- editPostPartialBDDTest -->
      </class> <!-- com.npmjs.jsonserver.posts.testcases.PATCHTest -->
    </test> <!-- Surefire test -->
  </suite> <!-- Surefire suite -->
</testng-results>
